<?xml version="1.0" encoding="utf-8"?><testsuites name="pytest tests"><testsuite name="pytest" errors="0" failures="0" skipped="0" tests="16" time="6.215" timestamp="2026-06-23T00:06:41.274758+00:00" hostname="agent-env-3e324137-5d59-4ea9-b2ce-9bb6f9f9dc72"><testcase classname="backend.tests.test_filters_favorites" name="test_create_quiz_persists_new_fields" time="0.873" /><testcase classname="backend.tests.test_filters_favorites" name="test_legacy_quizzes_have_rank_defaults" time="0.144" /><testcase classname="backend.tests.test_filters_favorites" name="test_filter_by_q" time="0.237" /><testcase classname="backend.tests.test_filters_favorites" name="test_filter_by_creator" time="0.101" /><testcase classname="backend.tests.test_filters_favorites" name="test_filter_min_rank_overlap" time="0.101" /><testcase classname="backend.tests.test_filters_favorites" name="test_filter_max_rank_overlap" time="0.162" /><testcase classname="backend.tests.test_filters_favorites" name="test_filter_combined_rank" time="0.099" /><testcase classname="backend.tests.test_filters_favorites" name="test_filter_min_duration_excludes" time="0.397" /><testcase classname="backend.tests.test_filters_favorites" name="test_filter_max_duration_includes" time="0.114" /><testcase classname="backend.tests.test_filters_favorites" name="test_filter_combined_all" time="0.101" /><testcase classname="backend.tests.test_filters_favorites" name="test_me_attempts_hydrated" time="0.602" /><testcase classname="backend.tests.test_filters_favorites" name="test_me_attempts_requires_auth" time="0.096" /><testcase classname="backend.tests.test_filters_favorites" name="test_favorite_quiz_idempotent" time="1.236" /><testcase classname="backend.tests.test_filters_favorites" name="test_favorite_creator_idempotent" time="1.153" /><testcase classname="backend.tests.test_filters_favorites" name="test_favorites_requires_auth" time="0.242" /><testcase classname="backend.tests.test_filters_favorites" name="test_favorite_quiz_not_found" time="0.464" /></testsuite></testsuites>