<?xml version="1.0" encoding="utf-8"?><testsuites name="pytest tests"><testsuite name="pytest" errors="0" failures="0" skipped="0" tests="18" time="4.845" timestamp="2026-06-23T00:25:16.626084+00:00" hostname="agent-env-3e324137-5d59-4ea9-b2ce-9bb6f9f9dc72"><testcase classname="backend.tests.test_gamemode_drafts_leaderboard" name="test_create_quiz_persists_game_mode_and_is_draft" time="0.823" /><testcase classname="backend.tests.test_gamemode_drafts_leaderboard" name="test_create_draft_persists" time="0.312" /><testcase classname="backend.tests.test_gamemode_drafts_leaderboard" name="test_legacy_backfill" time="0.121" /><testcase classname="backend.tests.test_gamemode_drafts_leaderboard" name="test_filter_by_single_game_mode" time="0.122" /><testcase classname="backend.tests.test_gamemode_drafts_leaderboard" name="test_filter_by_game_mode_no_match" time="0.098" /><testcase classname="backend.tests.test_gamemode_drafts_leaderboard" name="test_filter_by_multi_game_mode" time="0.160" /><testcase classname="backend.tests.test_gamemode_drafts_leaderboard" name="test_filter_combined_game_mode_and_rank" time="0.114" /><testcase classname="backend.tests.test_gamemode_drafts_leaderboard" name="test_draft_hidden_from_public_browse" time="0.108" /><testcase classname="backend.tests.test_gamemode_drafts_leaderboard" name="test_draft_hidden_with_game_mode_filter" time="0.145" /><testcase classname="backend.tests.test_gamemode_drafts_leaderboard" name="test_mine_without_include_drafts_hides_drafts" time="0.223" /><testcase classname="backend.tests.test_gamemode_drafts_leaderboard" name="test_mine_with_include_drafts_shows_drafts" time="0.254" /><testcase classname="backend.tests.test_gamemode_drafts_leaderboard" name="test_draft_not_visible_to_other_user" time="0.441" /><testcase classname="backend.tests.test_gamemode_drafts_leaderboard" name="test_draft_detail_still_fetchable" time="0.119" /><testcase classname="backend.tests.test_gamemode_drafts_leaderboard" name="test_leaderboard_returns_proper_structure" time="0.481" /><testcase classname="backend.tests.test_gamemode_drafts_leaderboard" name="test_leaderboard_dedupes_per_user" time="0.474" /><testcase classname="backend.tests.test_gamemode_drafts_leaderboard" name="test_leaderboard_sorted_desc" time="0.107" /><testcase classname="backend.tests.test_gamemode_drafts_leaderboard" name="test_leaderboard_not_found" time="0.099" /><testcase classname="backend.tests.test_gamemode_drafts_leaderboard" name="test_leaderboard_limit_param" time="0.534" /></testsuite></testsuites>