<?xml version="1.0" encoding="utf-8"?><testsuites name="pytest tests"><testsuite name="pytest" errors="0" failures="0" skipped="0" tests="8" time="1.972" timestamp="2026-06-15T22:32:29.635500+00:00" hostname="agent-env-3e324137-5d59-4ea9-b2ce-9bb6f9f9dc72"><testcase classname="backend.tests.test_backend_api" name="test_root" time="0.271" /><testcase classname="backend.tests.test_backend_api" name="test_list_quizzes_public" time="0.133" /><testcase classname="backend.tests.test_backend_api" name="test_me_requires_auth" time="0.094" /><testcase classname="backend.tests.test_backend_api" name="test_create_quiz_requires_auth" time="0.129" /><testcase classname="backend.tests.test_backend_api" name="test_list_mine_requires_auth" time="0.114" /><testcase classname="backend.tests.test_backend_api" name="test_attempts_requires_auth" time="0.126" /><testcase classname="backend.tests.test_backend_api" name="test_invalid_bearer" time="0.822" /><testcase classname="backend.tests.test_backend_api" name="test_get_quiz_not_found" time="0.127" /></testsuite></testsuites>